<?xml version="1.0" encoding="UTF-8"?>
<!-- Generated by org.testng.reporters.JUnitReportReporter -->
<testsuite skipped="0" hostname="PraveenKumar" name="AppiumFramework.PageObjectModel.TC_5" tests="1" failures="0" timestamp="2020-06-20T20:25:01 IST" time="49.859" errors="0">
  <testcase name="test" time="49.859" classname="AppiumFramework.PageObjectModel.TC_5"/>
  <system-out/>
</testsuite> <!-- AppiumFramework.PageObjectModel.TC_5 -->
