<?xml version="1.0" encoding="UTF-8"?>
<!-- Generated by org.testng.reporters.JUnitReportReporter -->
<testsuite skipped="0" hostname="PraveenKumar" name="AppiumFramework.PageObjectModel.basicsDemo" tests="2" failures="0" timestamp="2020-06-20T20:25:01 IST" time="70.377" errors="0">
  <testcase name="apiDemo" time="35.172" classname="AppiumFramework.PageObjectModel.basicsDemo"/>
  <system-out/>
  <testcase name="apiDemo" time="35.205" classname="AppiumFramework.PageObjectModel.basicsDemo"/>
  <system-out/>
</testsuite> <!-- AppiumFramework.PageObjectModel.basicsDemo -->
